[0.114s] DEBUG:colcon:Command line arguments: ['/usr/bin/colcon', 'build']
[0.114s] DEBUG:colcon:Parsed command line arguments: Namespace(log_base=None, log_level=None, verb_name='build', build_base='build', install_base='install', merge_install=False, symlink_install=False, test_result_base=None, continue_on_error=False, executor='parallel', parallel_workers=8, event_handlers=None, ignore_user_meta=False, metas=['./colcon.meta'], base_paths=['.'], packages_ignore=None, packages_ignore_regex=None, paths=None, packages_up_to=None, packages_up_to_regex=None, packages_above=None, packages_above_and_dependencies=None, packages_above_depth=None, packages_select_by_dep=None, packages_skip_by_dep=None, packages_skip_up_to=None, packages_select_build_failed=False, packages_skip_build_finished=False, packages_select_test_failures=False, packages_skip_test_passed=False, packages_select=None, packages_skip=None, packages_select_regex=None, packages_skip_regex=None, packages_start=None, packages_end=None, allow_overriding=[], cmake_args=None, cmake_target=None, cmake_target_skip_unavailable=False, cmake_clean_cache=False, cmake_clean_first=False, cmake_force_configure=False, ament_cmake_args=None, catkin_cmake_args=None, catkin_skip_building_tests=False, mixin_files=None, mixin=None, verb_parser=<colcon_mixin.mixin.mixin_argument.MixinArgumentDecorator object at 0x731895a8deb0>, verb_extension=<colcon_core.verb.build.BuildVerb object at 0x731895a07230>, main=<bound method BuildVerb.main of <colcon_core.verb.build.BuildVerb object at 0x731895a07230>>, mixin_verb=('build',))
[0.146s] Level 1:colcon.colcon_core.package_discovery:discover_packages(colcon_meta) check parameters
[0.146s] Level 1:colcon.colcon_core.package_discovery:discover_packages(recursive) check parameters
[0.146s] Level 1:colcon.colcon_core.package_discovery:discover_packages(ignore) check parameters
[0.146s] Level 1:colcon.colcon_core.package_discovery:discover_packages(path) check parameters
[0.146s] Level 1:colcon.colcon_core.package_discovery:discover_packages(colcon_meta) discover
[0.146s] Level 1:colcon.colcon_core.package_discovery:discover_packages(recursive) discover
[0.146s] INFO:colcon.colcon_core.package_discovery:Crawling recursively for packages in '/home/cliffe/work/ros/ws'
[0.146s] Level 1:colcon.colcon_core.package_identification:_identify(.) by extensions ['ignore', 'ignore_ament_install']
[0.146s] Level 1:colcon.colcon_core.package_identification:_identify(.) by extension 'ignore'
[0.146s] Level 1:colcon.colcon_core.package_identification:_identify(.) by extension 'ignore_ament_install'
[0.146s] Level 1:colcon.colcon_core.package_identification:_identify(.) by extensions ['colcon_pkg']
[0.146s] Level 1:colcon.colcon_core.package_identification:_identify(.) by extension 'colcon_pkg'
[0.146s] Level 1:colcon.colcon_core.package_identification:_identify(.) by extensions ['colcon_meta']
[0.146s] Level 1:colcon.colcon_core.package_identification:_identify(.) by extension 'colcon_meta'
[0.147s] Level 1:colcon.colcon_core.package_identification:_identify(.) by extensions ['ros']
[0.147s] Level 1:colcon.colcon_core.package_identification:_identify(.) by extension 'ros'
[0.168s] Level 1:colcon.colcon_core.package_identification:_identify(.) by extensions ['cmake', 'python']
[0.168s] Level 1:colcon.colcon_core.package_identification:_identify(.) by extension 'cmake'
[0.168s] Level 1:colcon.colcon_core.package_identification:_identify(.) by extension 'python'
[0.168s] Level 1:colcon.colcon_core.package_identification:_identify(.) by extensions ['python_setup_py']
[0.168s] Level 1:colcon.colcon_core.package_identification:_identify(.) by extension 'python_setup_py'
[0.168s] Level 1:colcon.colcon_core.package_identification:_identify(build) by extensions ['ignore', 'ignore_ament_install']
[0.168s] Level 1:colcon.colcon_core.package_identification:_identify(build) by extension 'ignore'
[0.168s] Level 1:colcon.colcon_core.package_identification:_identify(build) ignored
[0.168s] Level 1:colcon.colcon_core.package_identification:_identify(install) by extensions ['ignore', 'ignore_ament_install']
[0.168s] Level 1:colcon.colcon_core.package_identification:_identify(install) by extension 'ignore'
[0.168s] Level 1:colcon.colcon_core.package_identification:_identify(install) ignored
[0.169s] Level 1:colcon.colcon_core.package_identification:_identify(log) by extensions ['ignore', 'ignore_ament_install']
[0.169s] Level 1:colcon.colcon_core.package_identification:_identify(log) by extension 'ignore'
[0.169s] Level 1:colcon.colcon_core.package_identification:_identify(log) ignored
[0.169s] Level 1:colcon.colcon_core.package_identification:_identify(turtle_chase) by extensions ['ignore', 'ignore_ament_install']
[0.169s] Level 1:colcon.colcon_core.package_identification:_identify(turtle_chase) by extension 'ignore'
[0.169s] Level 1:colcon.colcon_core.package_identification:_identify(turtle_chase) by extension 'ignore_ament_install'
[0.169s] Level 1:colcon.colcon_core.package_identification:_identify(turtle_chase) by extensions ['colcon_pkg']
[0.169s] Level 1:colcon.colcon_core.package_identification:_identify(turtle_chase) by extension 'colcon_pkg'
[0.169s] Level 1:colcon.colcon_core.package_identification:_identify(turtle_chase) by extensions ['colcon_meta']
[0.169s] Level 1:colcon.colcon_core.package_identification:_identify(turtle_chase) by extension 'colcon_meta'
[0.169s] Level 1:colcon.colcon_core.package_identification:_identify(turtle_chase) by extensions ['ros']
[0.169s] Level 1:colcon.colcon_core.package_identification:_identify(turtle_chase) by extension 'ros'
[0.173s] DEBUG:colcon.colcon_core.package_identification:Package 'turtle_chase' with type 'ros.ament_cmake' and name 'turtle_chase'
[0.173s] Level 1:colcon.colcon_core.package_discovery:discover_packages(recursive) using defaults
[0.173s] Level 1:colcon.colcon_core.package_discovery:discover_packages(ignore) discover
[0.173s] Level 1:colcon.colcon_core.package_discovery:discover_packages(ignore) using defaults
[0.173s] Level 1:colcon.colcon_core.package_discovery:discover_packages(path) discover
[0.173s] Level 1:colcon.colcon_core.package_discovery:discover_packages(path) using defaults
[0.188s] Level 1:colcon.colcon_core.package_discovery:discover_packages(prefix_path) check parameters
[0.188s] Level 1:colcon.colcon_core.package_discovery:discover_packages(prefix_path) discover
[0.194s] DEBUG:colcon.colcon_installed_package_information.package_discovery:Found 307 installed packages in /opt/ros/jazzy
[0.195s] Level 1:colcon.colcon_core.package_discovery:discover_packages(prefix_path) using defaults
[0.236s] Level 5:colcon.colcon_core.verb:set package 'turtle_chase' build argument 'cmake_args' from command line to 'None'
[0.236s] Level 5:colcon.colcon_core.verb:set package 'turtle_chase' build argument 'cmake_target' from command line to 'None'
[0.236s] Level 5:colcon.colcon_core.verb:set package 'turtle_chase' build argument 'cmake_target_skip_unavailable' from command line to 'False'
[0.236s] Level 5:colcon.colcon_core.verb:set package 'turtle_chase' build argument 'cmake_clean_cache' from command line to 'False'
[0.236s] Level 5:colcon.colcon_core.verb:set package 'turtle_chase' build argument 'cmake_clean_first' from command line to 'False'
[0.236s] Level 5:colcon.colcon_core.verb:set package 'turtle_chase' build argument 'cmake_force_configure' from command line to 'False'
[0.236s] Level 5:colcon.colcon_core.verb:set package 'turtle_chase' build argument 'ament_cmake_args' from command line to 'None'
[0.236s] Level 5:colcon.colcon_core.verb:set package 'turtle_chase' build argument 'catkin_cmake_args' from command line to 'None'
[0.236s] Level 5:colcon.colcon_core.verb:set package 'turtle_chase' build argument 'catkin_skip_building_tests' from command line to 'False'
[0.236s] DEBUG:colcon.colcon_core.verb:Building package 'turtle_chase' with the following arguments: {'ament_cmake_args': None, 'build_base': '/home/cliffe/work/ros/ws/build/turtle_chase', 'catkin_cmake_args': None, 'catkin_skip_building_tests': False, 'cmake_args': None, 'cmake_clean_cache': False, 'cmake_clean_first': False, 'cmake_force_configure': False, 'cmake_target': None, 'cmake_target_skip_unavailable': False, 'install_base': '/home/cliffe/work/ros/ws/install/turtle_chase', 'merge_install': False, 'path': '/home/cliffe/work/ros/ws/turtle_chase', 'symlink_install': False, 'test_result_base': None}
[0.236s] INFO:colcon.colcon_core.executor:Executing jobs using 'parallel' executor
[0.238s] DEBUG:colcon.colcon_parallel_executor.executor.parallel:run_until_complete
[0.238s] INFO:colcon.colcon_ros.task.ament_cmake.build:Building ROS package in '/home/cliffe/work/ros/ws/turtle_chase' with build type 'ament_cmake'
[0.239s] INFO:colcon.colcon_cmake.task.cmake.build:Building CMake package in '/home/cliffe/work/ros/ws/turtle_chase'
[0.245s] INFO:colcon.colcon_core.plugin_system:Skipping extension 'colcon_core.shell.bat': Not used on non-Windows systems
[0.245s] INFO:colcon.colcon_core.shell:Skip shell extension 'powershell' for command environment: Not usable outside of PowerShell
[0.245s] DEBUG:colcon.colcon_core.shell:Skip shell extension 'dsv' for command environment
[0.257s] DEBUG:colcon.colcon_core.event_handler.log_command:Invoking command in '/home/cliffe/work/ros/ws/build/turtle_chase': CMAKE_PREFIX_PATH=${CMAKE_PREFIX_PATH}:/opt/ros/jazzy DEBUGINFOD_URLS=https://debuginfod.ubuntu.com /usr/bin/cmake --build /home/cliffe/work/ros/ws/build/turtle_chase -- -j8 -l8
[11.404s] DEBUG:colcon.colcon_core.event_handler.log_command:Invoked command in '/home/cliffe/work/ros/ws/build/turtle_chase' returned '0': CMAKE_PREFIX_PATH=${CMAKE_PREFIX_PATH}:/opt/ros/jazzy DEBUGINFOD_URLS=https://debuginfod.ubuntu.com /usr/bin/cmake --build /home/cliffe/work/ros/ws/build/turtle_chase -- -j8 -l8
[11.469s] DEBUG:colcon.colcon_core.event_handler.log_command:Invoking command in '/home/cliffe/work/ros/ws/build/turtle_chase': CMAKE_PREFIX_PATH=${CMAKE_PREFIX_PATH}:/opt/ros/jazzy DEBUGINFOD_URLS=https://debuginfod.ubuntu.com /usr/bin/cmake --install /home/cliffe/work/ros/ws/build/turtle_chase
[11.506s] Level 1:colcon.colcon_core.environment:create_environment_scripts_only(turtle_chase)
[11.507s] DEBUG:colcon.colcon_core.event_handler.log_command:Invoked command in '/home/cliffe/work/ros/ws/build/turtle_chase' returned '0': CMAKE_PREFIX_PATH=${CMAKE_PREFIX_PATH}:/opt/ros/jazzy DEBUGINFOD_URLS=https://debuginfod.ubuntu.com /usr/bin/cmake --install /home/cliffe/work/ros/ws/build/turtle_chase
[11.515s] Level 1:colcon.colcon_core.environment:checking '/home/cliffe/work/ros/ws/install/turtle_chase' for CMake module files
[11.516s] Level 1:colcon.colcon_core.environment:checking '/home/cliffe/work/ros/ws/install/turtle_chase' for CMake config files
[11.516s] Level 1:colcon.colcon_core.shell:create_environment_hook('turtle_chase', 'cmake_prefix_path')
[11.516s] INFO:colcon.colcon_core.shell:Creating environment hook '/home/cliffe/work/ros/ws/install/turtle_chase/share/turtle_chase/hook/cmake_prefix_path.ps1'
[11.518s] INFO:colcon.colcon_core.shell:Creating environment descriptor '/home/cliffe/work/ros/ws/install/turtle_chase/share/turtle_chase/hook/cmake_prefix_path.dsv'
[11.519s] INFO:colcon.colcon_core.shell:Creating environment hook '/home/cliffe/work/ros/ws/install/turtle_chase/share/turtle_chase/hook/cmake_prefix_path.sh'
[11.521s] Level 1:colcon.colcon_core.environment:checking '/home/cliffe/work/ros/ws/install/turtle_chase/lib'
[11.521s] Level 1:colcon.colcon_core.environment:checking '/home/cliffe/work/ros/ws/install/turtle_chase/bin'
[11.521s] Level 1:colcon.colcon_core.environment:checking '/home/cliffe/work/ros/ws/install/turtle_chase/lib/pkgconfig/turtle_chase.pc'
[11.521s] Level 1:colcon.colcon_core.environment:checking '/home/cliffe/work/ros/ws/install/turtle_chase/lib/python3.12/site-packages'
[11.521s] Level 1:colcon.colcon_core.environment:checking '/home/cliffe/work/ros/ws/install/turtle_chase/bin'
[11.521s] INFO:colcon.colcon_core.shell:Creating package script '/home/cliffe/work/ros/ws/install/turtle_chase/share/turtle_chase/package.ps1'
[11.523s] INFO:colcon.colcon_core.shell:Creating package descriptor '/home/cliffe/work/ros/ws/install/turtle_chase/share/turtle_chase/package.dsv'
[11.526s] INFO:colcon.colcon_core.shell:Creating package script '/home/cliffe/work/ros/ws/install/turtle_chase/share/turtle_chase/package.sh'
[11.527s] INFO:colcon.colcon_core.shell:Creating package script '/home/cliffe/work/ros/ws/install/turtle_chase/share/turtle_chase/package.bash'
[11.528s] INFO:colcon.colcon_core.shell:Creating package script '/home/cliffe/work/ros/ws/install/turtle_chase/share/turtle_chase/package.zsh'
[11.530s] Level 1:colcon.colcon_core.environment:create_file_with_runtime_dependencies(/home/cliffe/work/ros/ws/install/turtle_chase/share/colcon-core/packages/turtle_chase)
[11.576s] Level 1:colcon.colcon_core.environment:create_environment_scripts_only(turtle_chase)
[11.577s] Level 1:colcon.colcon_core.environment:checking '/home/cliffe/work/ros/ws/install/turtle_chase' for CMake module files
[11.577s] Level 1:colcon.colcon_core.environment:checking '/home/cliffe/work/ros/ws/install/turtle_chase' for CMake config files
[11.577s] Level 1:colcon.colcon_core.shell:create_environment_hook('turtle_chase', 'cmake_prefix_path')
[11.577s] INFO:colcon.colcon_core.shell:Creating environment hook '/home/cliffe/work/ros/ws/install/turtle_chase/share/turtle_chase/hook/cmake_prefix_path.ps1'
[11.578s] INFO:colcon.colcon_core.shell:Creating environment descriptor '/home/cliffe/work/ros/ws/install/turtle_chase/share/turtle_chase/hook/cmake_prefix_path.dsv'
[11.579s] INFO:colcon.colcon_core.shell:Creating environment hook '/home/cliffe/work/ros/ws/install/turtle_chase/share/turtle_chase/hook/cmake_prefix_path.sh'
[11.580s] Level 1:colcon.colcon_core.environment:checking '/home/cliffe/work/ros/ws/install/turtle_chase/lib'
[11.580s] Level 1:colcon.colcon_core.environment:checking '/home/cliffe/work/ros/ws/install/turtle_chase/bin'
[11.580s] Level 1:colcon.colcon_core.environment:checking '/home/cliffe/work/ros/ws/install/turtle_chase/lib/pkgconfig/turtle_chase.pc'
[11.581s] Level 1:colcon.colcon_core.environment:checking '/home/cliffe/work/ros/ws/install/turtle_chase/lib/python3.12/site-packages'
[11.581s] Level 1:colcon.colcon_core.environment:checking '/home/cliffe/work/ros/ws/install/turtle_chase/bin'
[11.581s] INFO:colcon.colcon_core.shell:Creating package script '/home/cliffe/work/ros/ws/install/turtle_chase/share/turtle_chase/package.ps1'
[11.582s] INFO:colcon.colcon_core.shell:Creating package descriptor '/home/cliffe/work/ros/ws/install/turtle_chase/share/turtle_chase/package.dsv'
[11.583s] INFO:colcon.colcon_core.shell:Creating package script '/home/cliffe/work/ros/ws/install/turtle_chase/share/turtle_chase/package.sh'
[11.583s] INFO:colcon.colcon_core.shell:Creating package script '/home/cliffe/work/ros/ws/install/turtle_chase/share/turtle_chase/package.bash'
[11.583s] INFO:colcon.colcon_core.shell:Creating package script '/home/cliffe/work/ros/ws/install/turtle_chase/share/turtle_chase/package.zsh'
[11.584s] Level 1:colcon.colcon_core.environment:create_file_with_runtime_dependencies(/home/cliffe/work/ros/ws/install/turtle_chase/share/colcon-core/packages/turtle_chase)
[11.584s] DEBUG:colcon.colcon_parallel_executor.executor.parallel:closing loop
[11.585s] DEBUG:colcon.colcon_parallel_executor.executor.parallel:loop closed
[11.585s] DEBUG:colcon.colcon_parallel_executor.executor.parallel:run_until_complete finished with '0'
[11.585s] DEBUG:colcon.colcon_core.event_reactor:joining thread
[11.594s] INFO:colcon.colcon_core.plugin_system:Skipping extension 'colcon_notification.desktop_notification.terminal_notifier': Not used on non-Darwin systems
[11.594s] INFO:colcon.colcon_core.plugin_system:Skipping extension 'colcon_notification.desktop_notification.win32': Not used on non-Windows systems
[11.594s] INFO:colcon.colcon_notification.desktop_notification:Sending desktop notification using 'notify2'
[11.633s] DEBUG:colcon.colcon_core.event_reactor:joined thread
[11.634s] INFO:colcon.colcon_core.shell:Creating prefix script '/home/cliffe/work/ros/ws/install/local_setup.ps1'
[11.636s] INFO:colcon.colcon_core.shell:Creating prefix util module '/home/cliffe/work/ros/ws/install/_local_setup_util_ps1.py'
[11.637s] INFO:colcon.colcon_core.shell:Creating prefix chain script '/home/cliffe/work/ros/ws/install/setup.ps1'
[11.639s] INFO:colcon.colcon_core.shell:Creating prefix script '/home/cliffe/work/ros/ws/install/local_setup.sh'
[11.640s] INFO:colcon.colcon_core.shell:Creating prefix util module '/home/cliffe/work/ros/ws/install/_local_setup_util_sh.py'
[11.641s] INFO:colcon.colcon_core.shell:Creating prefix chain script '/home/cliffe/work/ros/ws/install/setup.sh'
[11.642s] INFO:colcon.colcon_core.shell:Creating prefix script '/home/cliffe/work/ros/ws/install/local_setup.bash'
[11.643s] INFO:colcon.colcon_core.shell:Creating prefix chain script '/home/cliffe/work/ros/ws/install/setup.bash'
[11.645s] INFO:colcon.colcon_core.shell:Creating prefix script '/home/cliffe/work/ros/ws/install/local_setup.zsh'
[11.646s] INFO:colcon.colcon_core.shell:Creating prefix chain script '/home/cliffe/work/ros/ws/install/setup.zsh'
