-- Found ament_cmake: 2.5.2 (/opt/ros/jazzy/share/ament_cmake/cmake)
-- Found rclcpp: 28.1.3 (/opt/ros/jazzy/share/rclcpp/cmake)
-- Found rosidl_generator_c: 4.6.3 (/opt/ros/jazzy/share/rosidl_generator_c/cmake)
-- Found rosidl_generator_cpp: 4.6.3 (/opt/ros/jazzy/share/rosidl_generator_cpp/cmake)
-- Using all available rosidl_typesupport_c: rosidl_typesupport_fastrtps_c;rosidl_typesupport_introspection_c
-- Using all available rosidl_typesupport_cpp: rosidl_typesupport_fastrtps_cpp;rosidl_typesupport_introspection_cpp
-- Found rmw_implementation_cmake: 7.3.1 (/opt/ros/jazzy/share/rmw_implementation_cmake/cmake)
-- Found rmw_fastrtps_cpp: 8.4.1 (/opt/ros/jazzy/share/rmw_fastrtps_cpp/cmake)
-- Using RMW implementation 'rmw_fastrtps_cpp' as default
-- Found turtlesim: 1.8.3 (/opt/ros/jazzy/share/turtlesim/cmake)
-- Found std_msgs: 5.3.5 (/opt/ros/jazzy/share/std_msgs/cmake)
-- Found geometry_msgs: 5.3.5 (/opt/ros/jazzy/share/geometry_msgs/cmake)
-- Found ament_lint_auto: 0.17.1 (/opt/ros/jazzy/share/ament_lint_auto/cmake)
-- Added test 'cppcheck' to perform static code analysis on C / C++ code
-- Configured cppcheck include dirs: 
-- Configured cppcheck exclude dirs and/or files: 
-- Added test 'lint_cmake' to check CMake code style
-- Added test 'uncrustify' to check C / C++ code style
-- Configured uncrustify additional arguments: 
-- Added test 'xmllint' to check XML markup files
-- Configuring done (0.6s)
-- Generating done (0.0s)
-- Build files have been written to: /home/cliffe/work/ros/ws/build/turtle_chase
[ 50%] [32mBuilding CXX object CMakeFiles/turtle_chase_node.dir/src/turtle_chase.cpp.o[0m
[100%] [32m[1mLinking CXX executable turtle_chase_node[0m
[100%] Built target turtle_chase_node
-- Install configuration: ""
-- Installing: /home/cliffe/work/ros/ws/install/turtle_chase/lib/turtle_chase/turtle_chase_node
-- Set non-toolchain portion of runtime path of "/home/cliffe/work/ros/ws/install/turtle_chase/lib/turtle_chase/turtle_chase_node" to ""
-- Installing: /home/cliffe/work/ros/ws/install/turtle_chase/share/ament_index/resource_index/package_run_dependencies/turtle_chase
-- Installing: /home/cliffe/work/ros/ws/install/turtle_chase/share/ament_index/resource_index/parent_prefix_path/turtle_chase
-- Installing: /home/cliffe/work/ros/ws/install/turtle_chase/share/turtle_chase/environment/ament_prefix_path.sh
-- Installing: /home/cliffe/work/ros/ws/install/turtle_chase/share/turtle_chase/environment/ament_prefix_path.dsv
-- Installing: /home/cliffe/work/ros/ws/install/turtle_chase/share/turtle_chase/environment/path.sh
-- Installing: /home/cliffe/work/ros/ws/install/turtle_chase/share/turtle_chase/environment/path.dsv
-- Installing: /home/cliffe/work/ros/ws/install/turtle_chase/share/turtle_chase/local_setup.bash
-- Installing: /home/cliffe/work/ros/ws/install/turtle_chase/share/turtle_chase/local_setup.sh
-- Installing: /home/cliffe/work/ros/ws/install/turtle_chase/share/turtle_chase/local_setup.zsh
-- Installing: /home/cliffe/work/ros/ws/install/turtle_chase/share/turtle_chase/local_setup.dsv
-- Installing: /home/cliffe/work/ros/ws/install/turtle_chase/share/turtle_chase/package.dsv
-- Installing: /home/cliffe/work/ros/ws/install/turtle_chase/share/ament_index/resource_index/packages/turtle_chase
-- Installing: /home/cliffe/work/ros/ws/install/turtle_chase/share/turtle_chase/cmake/turtle_chaseConfig.cmake
-- Installing: /home/cliffe/work/ros/ws/install/turtle_chase/share/turtle_chase/cmake/turtle_chaseConfig-version.cmake
-- Installing: /home/cliffe/work/ros/ws/install/turtle_chase/share/turtle_chase/package.xml
