[0.012s] Invoking command in '/home/cliffe/work/ros/ws/build/turtle_chase': CMAKE_PREFIX_PATH=${CMAKE_PREFIX_PATH}:/opt/ros/jazzy DEBUGINFOD_URLS=https://debuginfod.ubuntu.com /usr/bin/cmake /home/cliffe/work/ros/ws/turtle_chase -DCMAKE_INSTALL_PREFIX=/home/cliffe/work/ros/ws/install/turtle_chase
[0.028s] -- Found ament_cmake: 2.5.2 (/opt/ros/jazzy/share/ament_cmake/cmake)
[0.244s] -- Found rclcpp: 28.1.3 (/opt/ros/jazzy/share/rclcpp/cmake)
[0.269s] -- Found rosidl_generator_c: 4.6.3 (/opt/ros/jazzy/share/rosidl_generator_c/cmake)
[0.277s] -- Found rosidl_generator_cpp: 4.6.3 (/opt/ros/jazzy/share/rosidl_generator_cpp/cmake)
[0.287s] -- Using all available rosidl_typesupport_c: rosidl_typesupport_fastrtps_c;rosidl_typesupport_introspection_c
[0.299s] -- Using all available rosidl_typesupport_cpp: rosidl_typesupport_fastrtps_cpp;rosidl_typesupport_introspection_cpp
[0.357s] -- Found rmw_implementation_cmake: 7.3.1 (/opt/ros/jazzy/share/rmw_implementation_cmake/cmake)
[0.358s] -- Found rmw_fastrtps_cpp: 8.4.1 (/opt/ros/jazzy/share/rmw_fastrtps_cpp/cmake)
[0.426s] -- Using RMW implementation 'rmw_fastrtps_cpp' as default
[0.485s] -- Found turtlesim: 1.8.3 (/opt/ros/jazzy/share/turtlesim/cmake)
[0.533s] -- Found std_msgs: 5.3.5 (/opt/ros/jazzy/share/std_msgs/cmake)
[0.546s] -- Found geometry_msgs: 5.3.5 (/opt/ros/jazzy/share/geometry_msgs/cmake)
[0.559s] -- Found ament_lint_auto: 0.17.1 (/opt/ros/jazzy/share/ament_lint_auto/cmake)
[0.655s] -- Added test 'cppcheck' to perform static code analysis on C / C++ code
[0.655s] -- Configured cppcheck include dirs: 
[0.655s] -- Configured cppcheck exclude dirs and/or files: 
[0.656s] -- Added test 'lint_cmake' to check CMake code style
[0.657s] -- Added test 'uncrustify' to check C / C++ code style
[0.657s] -- Configured uncrustify additional arguments: 
[0.657s] -- Added test 'xmllint' to check XML markup files
[0.658s] -- Configuring done (0.6s)
[0.677s] -- Generating done (0.0s)
[0.679s] -- Build files have been written to: /home/cliffe/work/ros/ws/build/turtle_chase
[0.689s] Invoked command in '/home/cliffe/work/ros/ws/build/turtle_chase' returned '0': CMAKE_PREFIX_PATH=${CMAKE_PREFIX_PATH}:/opt/ros/jazzy DEBUGINFOD_URLS=https://debuginfod.ubuntu.com /usr/bin/cmake /home/cliffe/work/ros/ws/turtle_chase -DCMAKE_INSTALL_PREFIX=/home/cliffe/work/ros/ws/install/turtle_chase
[0.690s] Invoking command in '/home/cliffe/work/ros/ws/build/turtle_chase': CMAKE_PREFIX_PATH=${CMAKE_PREFIX_PATH}:/opt/ros/jazzy DEBUGINFOD_URLS=https://debuginfod.ubuntu.com /usr/bin/cmake --build /home/cliffe/work/ros/ws/build/turtle_chase -- -j8 -l8
[0.766s] [ 50%] [32mBuilding CXX object CMakeFiles/turtle_chase_node.dir/src/turtle_chase.cpp.o[0m
[13.247s] [100%] [32m[1mLinking CXX executable turtle_chase_node[0m
[13.771s] [100%] Built target turtle_chase_node
[13.786s] Invoked command in '/home/cliffe/work/ros/ws/build/turtle_chase' returned '0': CMAKE_PREFIX_PATH=${CMAKE_PREFIX_PATH}:/opt/ros/jazzy DEBUGINFOD_URLS=https://debuginfod.ubuntu.com /usr/bin/cmake --build /home/cliffe/work/ros/ws/build/turtle_chase -- -j8 -l8
[13.845s] Invoking command in '/home/cliffe/work/ros/ws/build/turtle_chase': CMAKE_PREFIX_PATH=${CMAKE_PREFIX_PATH}:/opt/ros/jazzy DEBUGINFOD_URLS=https://debuginfod.ubuntu.com /usr/bin/cmake --install /home/cliffe/work/ros/ws/build/turtle_chase
[13.858s] -- Install configuration: ""
[13.858s] -- Installing: /home/cliffe/work/ros/ws/install/turtle_chase/lib/turtle_chase/turtle_chase_node
[13.867s] -- Set non-toolchain portion of runtime path of "/home/cliffe/work/ros/ws/install/turtle_chase/lib/turtle_chase/turtle_chase_node" to ""
[13.868s] -- Installing: /home/cliffe/work/ros/ws/install/turtle_chase/share/ament_index/resource_index/package_run_dependencies/turtle_chase
[13.868s] -- Installing: /home/cliffe/work/ros/ws/install/turtle_chase/share/ament_index/resource_index/parent_prefix_path/turtle_chase
[13.869s] -- Installing: /home/cliffe/work/ros/ws/install/turtle_chase/share/turtle_chase/environment/ament_prefix_path.sh
[13.869s] -- Installing: /home/cliffe/work/ros/ws/install/turtle_chase/share/turtle_chase/environment/ament_prefix_path.dsv
[13.869s] -- Installing: /home/cliffe/work/ros/ws/install/turtle_chase/share/turtle_chase/environment/path.sh
[13.869s] -- Installing: /home/cliffe/work/ros/ws/install/turtle_chase/share/turtle_chase/environment/path.dsv
[13.869s] -- Installing: /home/cliffe/work/ros/ws/install/turtle_chase/share/turtle_chase/local_setup.bash
[13.870s] -- Installing: /home/cliffe/work/ros/ws/install/turtle_chase/share/turtle_chase/local_setup.sh
[13.870s] -- Installing: /home/cliffe/work/ros/ws/install/turtle_chase/share/turtle_chase/local_setup.zsh
[13.871s] -- Installing: /home/cliffe/work/ros/ws/install/turtle_chase/share/turtle_chase/local_setup.dsv
[13.871s] -- Installing: /home/cliffe/work/ros/ws/install/turtle_chase/share/turtle_chase/package.dsv
[13.871s] -- Installing: /home/cliffe/work/ros/ws/install/turtle_chase/share/ament_index/resource_index/packages/turtle_chase
[13.872s] -- Installing: /home/cliffe/work/ros/ws/install/turtle_chase/share/turtle_chase/cmake/turtle_chaseConfig.cmake
[13.872s] -- Installing: /home/cliffe/work/ros/ws/install/turtle_chase/share/turtle_chase/cmake/turtle_chaseConfig-version.cmake
[13.872s] -- Installing: /home/cliffe/work/ros/ws/install/turtle_chase/share/turtle_chase/package.xml
[13.877s] Invoked command in '/home/cliffe/work/ros/ws/build/turtle_chase' returned '0': CMAKE_PREFIX_PATH=${CMAKE_PREFIX_PATH}:/opt/ros/jazzy DEBUGINFOD_URLS=https://debuginfod.ubuntu.com /usr/bin/cmake --install /home/cliffe/work/ros/ws/build/turtle_chase
