[0.011s] Invoking command in '/home/cliffe/work/ros/ws/build/turtle_chase': CMAKE_PREFIX_PATH=${CMAKE_PREFIX_PATH}:/opt/ros/jazzy DEBUGINFOD_URLS=https://debuginfod.ubuntu.com /usr/bin/cmake /home/cliffe/work/ros/ws/turtle_chase -DCMAKE_INSTALL_PREFIX=/home/cliffe/work/ros/ws/install/turtle_chase
[0.078s] -- The C compiler identification is GNU 13.2.0
[0.141s] -- The CXX compiler identification is GNU 13.2.0
[0.165s] -- Detecting C compiler ABI info
[0.284s] -- Detecting C compiler ABI info - done
[0.292s] -- Check for working C compiler: /usr/bin/cc - skipped
[0.292s] -- Detecting C compile features
[0.292s] -- Detecting C compile features - done
[0.305s] -- Detecting CXX compiler ABI info
[0.436s] -- Detecting CXX compiler ABI info - done
[0.445s] -- Check for working CXX compiler: /usr/bin/c++ - skipped
[0.445s] -- Detecting CXX compile features
[0.446s] -- Detecting CXX compile features - done
[0.449s] -- Found ament_cmake: 2.5.2 (/opt/ros/jazzy/share/ament_cmake/cmake)
[0.598s] -- Found Python3: /usr/bin/python3 (found version "3.12.3") found components: Interpreter 
[0.706s] -- Found rclcpp: 28.1.3 (/opt/ros/jazzy/share/rclcpp/cmake)
[0.746s] -- Found rosidl_generator_c: 4.6.3 (/opt/ros/jazzy/share/rosidl_generator_c/cmake)
[0.759s] -- Found rosidl_generator_cpp: 4.6.3 (/opt/ros/jazzy/share/rosidl_generator_cpp/cmake)
[0.776s] -- Using all available rosidl_typesupport_c: rosidl_typesupport_fastrtps_c;rosidl_typesupport_introspection_c
[0.793s] -- Using all available rosidl_typesupport_cpp: rosidl_typesupport_fastrtps_cpp;rosidl_typesupport_introspection_cpp
[0.863s] -- Found rmw_implementation_cmake: 7.3.1 (/opt/ros/jazzy/share/rmw_implementation_cmake/cmake)
[0.866s] -- Found rmw_fastrtps_cpp: 8.4.1 (/opt/ros/jazzy/share/rmw_fastrtps_cpp/cmake)
[0.968s] -- Found OpenSSL: /usr/lib/x86_64-linux-gnu/libcrypto.so (found version "3.0.13")  
[0.989s] -- Found FastRTPS: /opt/ros/jazzy/include (Required is at least version "2.13") 
[1.013s] -- Using RMW implementation 'rmw_fastrtps_cpp' as default
[1.084s] -- Found turtlesim: 1.8.3 (/opt/ros/jazzy/share/turtlesim/cmake)
[1.138s] -- Found std_msgs: 5.3.5 (/opt/ros/jazzy/share/std_msgs/cmake)
[1.152s] -- Found geometry_msgs: 5.3.5 (/opt/ros/jazzy/share/geometry_msgs/cmake)
[1.170s] -- Found ament_lint_auto: 0.17.1 (/opt/ros/jazzy/share/ament_lint_auto/cmake)
[1.290s] -- Added test 'cppcheck' to perform static code analysis on C / C++ code
[1.290s] -- Configured cppcheck include dirs: 
[1.290s] -- Configured cppcheck exclude dirs and/or files: 
[1.291s] -- Added test 'lint_cmake' to check CMake code style
[1.294s] -- Added test 'uncrustify' to check C / C++ code style
[1.294s] -- Configured uncrustify additional arguments: 
[1.295s] -- Added test 'xmllint' to check XML markup files
[1.298s] -- Configuring done (1.3s)
[1.302s] [31mCMake Error at CMakeLists.txt:27 (add_executable):
[1.302s]   Cannot find source file:
[1.302s] 
[1.302s]     src/turtle_chase.cpp
[1.302s] 
[1.302s]   Tried extensions .c .C .c++ .cc .cpp .cxx .cu .mpp .m .M .mm .ixx .cppm
[1.302s]   .ccm .cxxm .c++m .h .hh .h++ .hm .hpp .hxx .in .txx .f .F .for .f77 .f90
[1.302s]   .f95 .f03 .hip .ispc
[1.302s] 
[1.302s] [0m
[1.304s] [31mCMake Error at CMakeLists.txt:27 (add_executable):
[1.304s]   No SOURCES given to target: turtle_chase_node
[1.304s] 
[1.304s] [0m
[1.304s] [0mCMake Generate step failed.  Build files cannot be regenerated correctly.[0m
[1.314s] Invoked command in '/home/cliffe/work/ros/ws/build/turtle_chase' returned '1': CMAKE_PREFIX_PATH=${CMAKE_PREFIX_PATH}:/opt/ros/jazzy DEBUGINFOD_URLS=https://debuginfod.ubuntu.com /usr/bin/cmake /home/cliffe/work/ros/ws/turtle_chase -DCMAKE_INSTALL_PREFIX=/home/cliffe/work/ros/ws/install/turtle_chase
